[    0.000000] Linux version 4.15.0-58-generic (buildd@lcy01-amd64-013) (gcc version 7.4.0 (Ubuntu 7.4.0-1ubuntu1~18.04.1)) #64-Ubuntu SMP Tue Aug 6 11:12:41 UTC 2019 (Ubuntu 4.15.0-58.64-generic 4.15.18)
[    0.000000] Command line: BOOT_IMAGE=/boot/vmlinuz-4.15.0-58-generic root=LABEL=cloudimg-rootfs ro console=tty1 console=ttyS0
[    0.000000] KERNEL supported cpus:
[    0.000000]   Intel GenuineIntel
[    0.000000]   AMD AuthenticAMD
[    0.000000]   Centaur CentaurHauls
[    0.000000] x86/fpu: Supporting XSAVE feature 0x001: 'x87 floating point registers'
[    0.000000] x86/fpu: Supporting XSAVE feature 0x002: 'SSE registers'
[    0.000000] x86/fpu: Supporting XSAVE feature 0x004: 'AVX registers'
[    0.000000] x86/fpu: xstate_offset[2]:  576, xstate_sizes[2]:  256
[    0.000000] x86/fpu: Enabled xstate features 0x7, context size is 832 bytes, using 'standard' format.
[    0.000000] e820: BIOS-provided physical RAM map:
[    0.000000] BIOS-e820: [mem 0x0000000000000000-0x000000000009fbff] usable
[    0.000000] BIOS-e820: [mem 0x000000000009fc00-0x000000000009ffff] reserved
[    0.000000] BIOS-e820: [mem 0x00000000000f0000-0x00000000000fffff] reserved
[    0.000000] BIOS-e820: [mem 0x0000000000100000-0x000000003ffeffff] usable
[    0.000000] BIOS-e820: [mem 0x000000003fff0000-0x000000003fffffff] ACPI data
[    0.000000] BIOS-e820: [mem 0x00000000fec00000-0x00000000fec00fff] reserved
[    0.000000] BIOS-e820: [mem 0x00000000fee00000-0x00000000fee00fff] reserved
[    0.000000] BIOS-e820: [mem 0x00000000fffc0000-0x00000000ffffffff] reserved
[    0.000000] NX (Execute Disable) protection: active
[    0.000000] SMBIOS 2.5 present.
[    0.000000] DMI: innotek GmbH VirtualBox/VirtualBox, BIOS VirtualBox 12/01/2006
[    0.000000] Hypervisor detected: KVM
[    0.000000] e820: last_pfn = 0x3fff0 max_arch_pfn = 0x400000000
[    0.000000] MTRR: Disabled
[    0.000000] x86/PAT: MTRRs disabled, skipping PAT initialization too.
[    0.000000] CPU MTRRs all blank - virtualized system.
[    0.000000] x86/PAT: Configuration [0-7]: WB  WT  UC- UC  WB  WT  UC- UC  
[    0.000000] found SMP MP-table at [mem 0x0009fff0-0x0009ffff] mapped at [        (ptrval)]
[    0.000000] Scanning 1 areas for low memory corruption
[    0.000000] RAMDISK: [mem 0x35a8b000-0x36d3cfff]
[    0.000000] ACPI: Early table checksum verification disabled
[    0.000000] ACPI: RSDP 0x00000000000E0000 000024 (v02 VBOX  )
[    0.000000] ACPI: XSDT 0x000000003FFF0030 00003C (v01 VBOX   VBOXXSDT 00000001 ASL  00000061)
[    0.000000] ACPI: FACP 0x000000003FFF00F0 0000F4 (v04 VBOX   VBOXFACP 00000001 ASL  00000061)
[    0.000000] ACPI: DSDT 0x000000003FFF0470 0022EA (v02 VBOX   VBOXBIOS 00000002 INTL 20100528)
[    0.000000] ACPI: FACS 0x000000003FFF0200 000040
[    0.000000] ACPI: FACS 0x000000003FFF0200 000040
[    0.000000] ACPI: APIC 0x000000003FFF0240 00005C (v02 VBOX   VBOXAPIC 00000001 ASL  00000061)
[    0.000000] ACPI: SSDT 0x000000003FFF02A0 0001CC (v01 VBOX   VBOXCPUT 00000002 INTL 20100528)
[    0.000000] No NUMA configuration found
[    0.000000] Faking a node at [mem 0x0000000000000000-0x000000003ffeffff]
[    0.000000] NODE_DATA(0) allocated [mem 0x3ffc5000-0x3ffeffff]
[    0.000000] kvm-clock: cpu 0, msr 0:3ff44001, primary cpu clock
[    0.000000] kvm-clock: Using msrs 4b564d01 and 4b564d00
[    0.000000] kvm-clock: using sched offset of 16529760655 cycles
[    0.000000] clocksource: kvm-clock: mask: 0xffffffffffffffff max_cycles: 0x1cd42e4dffb, max_idle_ns: 881590591483 ns
[    0.000000] Zone ranges:
[    0.000000]   DMA      [mem 0x0000000000001000-0x0000000000ffffff]
[    0.000000]   DMA32    [mem 0x0000000001000000-0x000000003ffeffff]
[    0.000000]   Normal   empty
[    0.000000]   Device   empty
[    0.000000] Movable zone start for each node
[    0.000000] Early memory node ranges
[    0.000000]   node   0: [mem 0x0000000000001000-0x000000000009efff]
[    0.000000]   node   0: [mem 0x0000000000100000-0x000000003ffeffff]
[    0.000000] Reserved but unavailable: 98 pages
[    0.000000] Initmem setup node 0 [mem 0x0000000000001000-0x000000003ffeffff]
[    0.000000] ACPI: PM-Timer IO Port: 0x4008
[    0.000000] IOAPIC[0]: apic_id 2, version 32, address 0xfec00000, GSI 0-23
[    0.000000] ACPI: INT_SRC_OVR (bus 0 bus_irq 0 global_irq 2 dfl dfl)
[    0.000000] ACPI: INT_SRC_OVR (bus 0 bus_irq 9 global_irq 9 low level)
[    0.000000] Using ACPI (MADT) for SMP configuration information
[    0.000000] smpboot: Allowing 2 CPUs, 0 hotplug CPUs
[    0.000000] PM: Registered nosave memory: [mem 0x00000000-0x00000fff]
[    0.000000] PM: Registered nosave memory: [mem 0x0009f000-0x0009ffff]
[    0.000000] PM: Registered nosave memory: [mem 0x000a0000-0x000effff]
[    0.000000] PM: Registered nosave memory: [mem 0x000f0000-0x000fffff]
[    0.000000] e820: [mem 0x40000000-0xfebfffff] available for PCI devices
[    0.000000] Booting paravirtualized kernel on KVM
[    0.000000] clocksource: refined-jiffies: mask: 0xffffffff max_cycles: 0xffffffff, max_idle_ns: 7645519600211568 ns
[    0.000000] random: get_random_bytes called from start_kernel+0x99/0x4fd with crng_init=0
[    0.000000] setup_percpu: NR_CPUS:8192 nr_cpumask_bits:2 nr_cpu_ids:2 nr_node_ids:1
[    0.000000] percpu: Embedded 46 pages/cpu @        (ptrval) s151552 r8192 d28672 u1048576
[    0.000000] PV qspinlock hash table entries: 256 (order: 0, 4096 bytes)
[    0.000000] Built 1 zonelists, mobility grouping on.  Total pages: 257913
[    0.000000] Policy zone: DMA32
[    0.000000] Kernel command line: BOOT_IMAGE=/boot/vmlinuz-4.15.0-58-generic root=LABEL=cloudimg-rootfs ro console=tty1 console=ttyS0
[    0.000000] Memory: 983452K/1048120K available (12300K kernel code, 2478K rwdata, 4280K rodata, 2424K init, 2384K bss, 64668K reserved, 0K cma-reserved)
[    0.000000] SLUB: HWalign=64, Order=0-3, MinObjects=0, CPUs=2, Nodes=1
[    0.000000] Kernel/User page tables isolation: enabled
[    0.000000] ftrace: allocating 39243 entries in 154 pages
[    0.004000] Hierarchical RCU implementation.
[    0.004000] 	RCU restricting CPUs from NR_CPUS=8192 to nr_cpu_ids=2.
[    0.004000] 	Tasks RCU enabled.
[    0.004000] RCU: Adjusting geometry for rcu_fanout_leaf=16, nr_cpu_ids=2
[    0.004000] NR_IRQS: 524544, nr_irqs: 440, preallocated irqs: 16
[    0.004000] Console: colour VGA+ 80x25
[    0.004000] console [tty1] enabled
[    0.004000] console [ttyS0] enabled
[    0.004000] ACPI: Core revision 20170831
[    0.004000] ACPI: 2 ACPI AML tables successfully acquired and loaded
[    0.004000] APIC: Switch to symmetric I/O mode setup
[    0.012000] x2apic enabled
[    0.012060] Switched APIC routing to physical x2apic.
[    0.042123] ..TIMER: vector=0x30 apic1=0 pin1=2 apic2=-1 pin2=-1
[    0.044004] tsc: Detected 2711.998 MHz processor
[    0.048011] Calibrating delay loop (skipped) preset value.. 5423.99 BogoMIPS (lpj=10847992)
[    0.052007] pid_max: default: 32768 minimum: 301
[    0.056050] Security Framework initialized
[    0.060006] Yama: becoming mindful.
[    0.064036] AppArmor: AppArmor initialized
[    0.072057] Dentry cache hash table entries: 131072 (order: 8, 1048576 bytes)
[    0.076081] Inode-cache hash table entries: 65536 (order: 7, 524288 bytes)
[    0.080023] Mount-cache hash table entries: 2048 (order: 2, 16384 bytes)
[    0.084012] Mountpoint-cache hash table entries: 2048 (order: 2, 16384 bytes)
[    0.090288] mce: CPU supports 0 MCE banks
[    0.096143] Last level iTLB entries: 4KB 64, 2MB 8, 4MB 8
[    0.100004] Last level dTLB entries: 4KB 64, 2MB 0, 4MB 0, 1GB 4
[    0.104004] Spectre V1 : Mitigation: usercopy/swapgs barriers and __user pointer sanitization
[    0.108007] Spectre V2 : Mitigation: Full generic retpoline
[    0.112006] Spectre V2 : Spectre v2 / SpectreRSB mitigation: Filling RSB on context switch
[    0.116007] Speculative Store Bypass: Vulnerable
[    0.120052] MDS: Vulnerable: Clear CPU buffers attempted, no microcode
[    0.124218] Freeing SMP alternatives memory: 36K
[    0.136000] smpboot: CPU0: Intel(R) Core(TM) i5-7200U CPU @ 2.50GHz (family: 0x6, model: 0x8e, stepping: 0x9)
[    0.136090] Performance Events: unsupported p6 CPU model 142 no PMU driver, software events only.
[    0.140154] Hierarchical SRCU implementation.
[    0.144841] NMI watchdog: Perf event create on CPU 0 failed with -2
[    0.148005] NMI watchdog: Perf NMI watchdog permanently disabled
[    0.152072] smp: Bringing up secondary CPUs ...
[    0.156119] x86: Booting SMP configuration:
[    0.160005] .... node  #0, CPUs:      #1
[    0.004000] kvm-clock: cpu 1, msr 0:3ff44041, secondary cpu clock
[    0.004000] mce: CPU supports 0 MCE banks
[    0.220006] smp: Brought up 1 node, 2 CPUs
[    0.224009] smpboot: Max logical packages: 1
[    0.228007] smpboot: Total of 2 processors activated (10847.99 BogoMIPS)
[    0.236139] devtmpfs: initialized
[    0.240070] x86/mm: Memory block size: 128MB
[    0.244209] evm: security.selinux
[    0.248004] evm: security.SMACK64
[    0.252004] evm: security.SMACK64EXEC
[    0.256004] evm: security.SMACK64TRANSMUTE
[    0.260004] evm: security.SMACK64MMAP
[    0.264004] evm: security.apparmor
[    0.268003] evm: security.ima
[    0.272003] evm: security.capability
[    0.276193] clocksource: jiffies: mask: 0xffffffff max_cycles: 0xffffffff, max_idle_ns: 7645041785100000 ns
[    0.280014] futex hash table entries: 512 (order: 3, 32768 bytes)
[    0.284114] pinctrl core: initialized pinctrl subsystem
[    0.296784] RTC time:  7:29:57, date: 08/29/19
[    0.301010] NET: Registered protocol family 16
[    0.304113] audit: initializing netlink subsys (disabled)
[    0.308082] audit: type=2000 audit(1567063811.856:1): state=initialized audit_enabled=0 res=1
[    0.348009] cpuidle: using governor ladder
[    0.352015] cpuidle: using governor menu
[    0.356060] ACPI: bus type PCI registered
[    0.360005] acpiphp: ACPI Hot Plug PCI Controller Driver version: 0.5
[    0.368377] PCI: Using configuration type 1 for base access
[    0.377090] HugeTLB registered 2.00 MiB page size, pre-allocated 0 pages
[    0.384358] ACPI: Added _OSI(Module Device)
[    0.388012] ACPI: Added _OSI(Processor Device)
[    0.392005] ACPI: Added _OSI(3.0 _SCP Extensions)
[    0.396006] ACPI: Added _OSI(Processor Aggregator Device)
[    0.400008] ACPI: Added _OSI(Linux-Dell-Video)
[    0.404009] ACPI: Added _OSI(Linux-Lenovo-NV-HDMI-Audio)
[    0.408013] ACPI: Added _OSI(Linux-HPI-Hybrid-Graphics)
[    0.420892] ACPI: Executed 1 blocks of module-level executable AML code
[    0.436759] ACPI: Interpreter enabled
[    0.440023] ACPI: (supports S0 S5)
[    0.444005] ACPI: Using IOAPIC for interrupt routing
[    0.452423] PCI: Using host bridge windows from ACPI; if necessary, use "pci=nocrs" and report a bug
[    0.458368] ACPI: Enabled 2 GPEs in block 00 to 07
[    0.507246] ACPI: PCI Root Bridge [PCI0] (domain 0000 [bus 00-ff])
[    0.508015] acpi PNP0A03:00: _OSC: OS supports [ASPM ClockPM Segments MSI]
[    0.517431] acpi PNP0A03:00: _OSC: not requesting OS control; OS requires [ExtendedConfig ASPM ClockPM MSI]
[    0.520023] acpi PNP0A03:00: fail to add MMCONFIG information, can't access extended PCI configuration space under this bridge.
[    0.534953] PCI host bridge to bus 0000:00
[    0.536010] pci_bus 0000:00: root bus resource [io  0x0000-0x0cf7 window]
[    0.540007] pci_bus 0000:00: root bus resource [io  0x0d00-0xffff window]
[    0.544008] pci_bus 0000:00: root bus resource [mem 0x000a0000-0x000bffff window]
[    0.552011] pci_bus 0000:00: root bus resource [mem 0x40000000-0xfdffffff window]
[    0.556054] pci_bus 0000:00: root bus resource [bus 00-ff]
[    0.613712] pci 0000:00:01.1: legacy IDE quirk: reg 0x10: [io  0x01f0-0x01f7]
[    0.616007] pci 0000:00:01.1: legacy IDE quirk: reg 0x14: [io  0x03f6]
[    0.620006] pci 0000:00:01.1: legacy IDE quirk: reg 0x18: [io  0x0170-0x0177]
[    0.624006] pci 0000:00:01.1: legacy IDE quirk: reg 0x1c: [io  0x0376]
[    0.776006] pci 0000:00:07.0: quirk: [io  0x4000-0x403f] claimed by PIIX4 ACPI
[    0.780271] pci 0000:00:07.0: quirk: [io  0x4100-0x410f] claimed by PIIX4 SMB
[    0.836988] ACPI: PCI Interrupt Link [LNKA] (IRQs 5 9 10 *11)
[    0.842213] ACPI: PCI Interrupt Link [LNKB] (IRQs 5 9 *10 11)
[    0.848035] ACPI: PCI Interrupt Link [LNKC] (IRQs 5 *9 10 11)
[    0.853242] ACPI: PCI Interrupt Link [LNKD] (IRQs 5 9 10 *11)
[    0.857030] SCSI subsystem initialized
[    0.864374] pci 0000:00:02.0: vgaarb: setting as boot VGA device
[    0.868000] pci 0000:00:02.0: vgaarb: VGA device added: decodes=io+mem,owns=io+mem,locks=none
[    0.868009] pci 0000:00:02.0: vgaarb: bridge control possible
[    0.872005] vgaarb: loaded
[    0.876040] ACPI: bus type USB registered
[    0.880033] usbcore: registered new interface driver usbfs
[    0.884022] usbcore: registered new interface driver hub
[    0.888070] usbcore: registered new device driver usb
[    0.896066] EDAC MC: Ver: 3.0.0
[    0.909119] PCI: Using ACPI for IRQ routing
[    0.923353] NetLabel: Initializing
[    0.924006] NetLabel:  domain hash size = 128
[    0.928006] NetLabel:  protocols = UNLABELED CIPSOv4 CALIPSO
[    0.932039] NetLabel:  unlabeled traffic allowed by default
[    0.936867] clocksource: Switched to clocksource kvm-clock
[    1.014288] VFS: Disk quotas dquot_6.6.0
[    1.036120] VFS: Dquot-cache hash table entries: 512 (order 0, 4096 bytes)
[    1.071595] AppArmor: AppArmor Filesystem Enabled
[    1.097455] pnp: PnP ACPI init
[    1.122692] pnp: PnP ACPI: found 3 devices
[    1.204605] clocksource: acpi_pm: mask: 0xffffff max_cycles: 0xffffff, max_idle_ns: 2085701024 ns
[    1.253257] NET: Registered protocol family 2
[    1.281216] TCP established hash table entries: 8192 (order: 4, 65536 bytes)
[    1.321199] TCP bind hash table entries: 8192 (order: 5, 131072 bytes)
[    1.356598] TCP: Hash tables configured (established 8192 bind 8192)
[    1.393013] UDP hash table entries: 512 (order: 2, 16384 bytes)
[    1.426002] UDP-Lite hash table entries: 512 (order: 2, 16384 bytes)
[    1.459570] NET: Registered protocol family 1
[    1.483780] pci 0000:00:00.0: Limiting direct PCI/PCI transfers
[    1.512935] pci 0000:00:01.0: Activating ISA DMA hang workarounds
[    1.549583] pci 0000:00:02.0: Video device with shadowed ROM at [mem 0x000c0000-0x000dffff]
[    1.593904] Unpacking initramfs...
[    2.302518] Freeing initrd memory: 19144K
[    2.322981] clocksource: tsc: mask: 0xffffffffffffffff max_cycles: 0x27178451938, max_idle_ns: 440795251172 ns
[    2.371321] platform rtc_cmos: registered platform RTC device (no PNP device found)
[    2.409142] Scanning for low memory corruption every 60 seconds
[    2.446834] Initialise system trusted keyrings
[    2.471372] Key type blacklist registered
[    2.490402] workingset: timestamp_bits=36 max_order=18 bucket_order=0
[    2.532980] zbud: loaded
[    2.547026] squashfs: version 4.0 (2009/01/31) Phillip Lougher
[    2.576593] fuse init (API version 7.26)
[    2.618942] Key type asymmetric registered
[    2.637546] Asymmetric key parser 'x509' registered
[    2.659348] Block layer SCSI generic (bsg) driver version 0.4 loaded (major 246)
[    2.693076] io scheduler noop registered
[    2.711202] io scheduler deadline registered
[    2.730877] io scheduler cfq registered (default)
[    2.753638] ACPI: AC Adapter [AC] (on-line)
[    2.773477] input: Power Button as /devices/LNXSYSTM:00/LNXPWRBN:00/input/input0
[    2.814918] ACPI: Power Button [PWRF]
[    2.835366] input: Sleep Button as /devices/LNXSYSTM:00/LNXSLPBN:00/input/input1
[    2.870264] ACPI: Sleep Button [SLPF]
[    2.896682] Serial: 8250/16550 driver, 32 ports, IRQ sharing enabled
[    2.901005] ACPI: Battery Slot [BAT0] (battery present)
[    2.993205] 00:02: ttyS0 at I/O 0x3f8 (irq = 4, base_baud = 115200) is a 16550A
[    3.028944] Linux agpgart interface v0.103
[    3.049961] loop: module loaded
[    3.106883] scsi host0: ata_piix
[    3.129469] scsi host1: ata_piix
[    3.145095] ata1: PATA max UDMA/33 cmd 0x1f0 ctl 0x3f6 bmdma 0xd000 irq 14
[    3.174327] ata2: PATA max UDMA/33 cmd 0x170 ctl 0x376 bmdma 0xd008 irq 15
[    3.215912] libphy: Fixed MDIO Bus: probed
[    3.246236] tun: Universal TUN/TAP device driver, 1.6
[    3.271882] PPP generic driver version 2.4.2
[    3.291705] ehci_hcd: USB 2.0 'Enhanced' Host Controller (EHCI) Driver
[    3.326845] ehci-pci: EHCI PCI platform driver
[    3.354773] ehci-platform: EHCI generic platform driver
[    3.381870] ohci_hcd: USB 1.1 'Open' Host Controller (OHCI) Driver
[    3.408360] ohci-pci: OHCI PCI platform driver
[    3.429833] ohci-platform: OHCI generic platform driver
[    3.452509] uhci_hcd: USB Universal Host Controller Interface driver
[    3.481416] i8042: PNP: PS/2 Controller [PNP0303:PS2K,PNP0f03:PS2M] at 0x60,0x64 irq 1,12
[    3.534932] serio: i8042 KBD port at 0x60,0x64 irq 1
[    3.567013] serio: i8042 AUX port at 0x60,0x64 irq 12
[    3.590637] mousedev: PS/2 mouse device common for all mice
[    3.619394] input: AT Translated Set 2 keyboard as /devices/platform/i8042/serio0/input/input2
[    3.630731] rtc_cmos rtc_cmos: rtc core: registered rtc_cmos as rtc0
[    3.688596] rtc_cmos rtc_cmos: alarms up to one day, 114 bytes nvram
[    3.715703] i2c /dev entries driver
[    3.731421] device-mapper: uevent: version 1.0.3
[    3.751923] device-mapper: ioctl: 4.37.0-ioctl (2017-09-20) initialised: dm-devel@redhat.com
[    3.788279] ledtrig-cpu: registered to indicate activity on CPUs
[    3.819303] NET: Registered protocol family 10
[    3.856468] Segment Routing with IPv6
[    3.876858] NET: Registered protocol family 17
[    3.907396] Key type dns_resolver registered
[    3.951684] RAS: Correctable Errors collector initialized.
[    3.988613] sched_clock: Marking stable (3988538089, 0)->(9014548684, -5026010595)
[    4.045691] registered taskstats version 1
[    4.065872] Loading compiled-in X.509 certificates
[    4.094009] Loaded X.509 cert 'Build time autogenerated kernel key: e343dd3e31c9820cf0adf0156bc2eecdcfc394af'
[    4.135115] zswap: loaded using pool lzo/zbud
[    4.170116] Key type big_key registered
[    4.188053] Key type trusted registered
[    4.212634] Key type encrypted registered
[    4.231119] AppArmor: AppArmor sha1 policy hashing enabled
[    4.255216] ima: No TPM chip found, activating TPM-bypass! (rc=-19)
[    4.282798] ima: Allocated hash algorithm: sha1
[    4.302480] evm: HMAC attrs: 0x1
[    4.320923]   Magic number: 15:857:471
[    4.338457] rtc_cmos rtc_cmos: setting system clock to 2019-08-29 07:30:02 UTC (1567063802)
[    4.373535] BIOS EDD facility v0.16 2004-Jun-25, 0 devices found
[    4.404470] EDD information not available.
[    4.431432] Freeing unused kernel image memory: 2424K
[    4.483740] Write protecting the kernel read-only data: 20480k
[    4.509765] Freeing unused kernel image memory: 2008K
[    4.533501] Freeing unused kernel image memory: 1864K
[    4.569357] x86/mm: Checked W+X mappings: passed, no W+X pages found.
[    4.596688] x86/mm: Checking user space page tables
[    4.630614] x86/mm: Checked W+X mappings: passed, no W+X pages found.
Loading, please wait...
starting version 237
[    4.843374] Fusion MPT base driver 3.04.20
[    4.867166] Copyright (c) 1999-2008 LSI Corporation
[    4.932008] e1000: Intel(R) PRO/1000 Network Driver - version 7.3.21-k8-NAPI
[    4.964313] e1000: Copyright (c) 1999-2006 Intel Corporation.
[    5.010368] AVX2 version of gcm_enc/dec engaged.
[    5.033957] AES CTR mode by8 optimization enabled
[    5.061283] Fusion MPT SPI Host driver 3.04.20
[    5.277556] input: ImExPS/2 Generic Explorer Mouse as /devices/platform/i8042/serio1/input/input4
[    7.479406] e1000 0000:00:03.0 eth0: (PCI:33MHz:32-bit) 02:19:d6:3c:94:c8
[    7.509119] e1000 0000:00:03.0 eth0: Intel(R) PRO/1000 Network Connection
[    7.548127] e1000 0000:00:03.0 enp0s3: renamed from eth0
[    7.548377] mptbase: ioc0: Initiating bringup
[    7.706473] ioc0: LSI53C1030 A0: Capabilities={Initiator}
[    7.992744] scsi host2: ioc0: LSI53C1030 A0, FwRev=00000000h, Ports=1, MaxQ=256, IRQ=20
[    8.210126] scsi 2:0:0:0: Direct-Access     VBOX     HARDDISK         1.0  PQ: 0 ANSI: 5
[    8.276492] scsi target2:0:0: Beginning Domain Validation
[    8.315400] random: fast init done
[    8.334858] scsi target2:0:0: Domain Validation skipping write tests
[    8.363539] scsi target2:0:0: Ending Domain Validation
[    8.387245] scsi target2:0:0: asynchronous
[    8.410050] scsi 2:0:1:0: Direct-Access     VBOX     HARDDISK         1.0  PQ: 0 ANSI: 5
[    8.513107] scsi target2:0:1: Beginning Domain Validation
[    8.582474] scsi target2:0:1: Domain Validation skipping write tests
[    8.630697] scsi target2:0:1: Ending Domain Validation
[    8.658011] scsi target2:0:1: asynchronous
[    8.700666] sd 2:0:0:0: Attached scsi generic sg0 type 0
[    8.702576] sd 2:0:0:0: [sda] 20971520 512-byte logical blocks: (10.7 GB/10.0 GiB)
[    8.727576] random: systemd-udevd: uninitialized urandom read (16 bytes read)
[    8.771815] sd 2:0:0:0: [sda] Write Protect is off
[    8.811406] random: systemd-udevd: uninitialized urandom read (16 bytes read)
[    8.877940] random: systemd-udevd: uninitialized urandom read (16 bytes read)
[    8.878882] sd 2:0:0:0: [sda] Incomplete mode parameter data
[    8.908615] sd 2:0:1:0: Attached scsi generic sg1 type 0
[    8.934315] sd 2:0:0:0: [sda] Assuming drive cache: write through
[    8.985989] sd 2:0:1:0: [sdb] 20480 512-byte logical blocks: (10.5 MB/10.0 MiB)
[    9.018346] sd 2:0:1:0: [sdb] Write Protect is off
[    9.041617] sd 2:0:1:0: [sdb] Incomplete mode parameter data
[    9.067479] sd 2:0:1:0: [sdb] Assuming drive cache: write through
[    9.097599]  sda: sda1
[    9.105353] sd 2:0:1:0: [sdb] Attached SCSI disk
[    9.137462] sd 2:0:0:0: [sda] Attached SCSI disk
Begin: Loading essential drivers ... [   17.300640] raid6: sse2x1   gen()  6261 MB/s
[   17.368346] raid6: sse2x1   xor()  4937 MB/s
[   17.432608] raid6: sse2x2   gen()  6367 MB/s
[   17.504624] raid6: sse2x2   xor()  5726 MB/s
[   17.568343] raid6: sse2x4   gen()  7978 MB/s
[   17.632510] raid6: sse2x4   xor()  5790 MB/s
[   17.696378] raid6: avx2x1   gen() 12764 MB/s
[   17.768585] raid6: avx2x1   xor()  6839 MB/s
[   17.836599] raid6: avx2x2   gen() 12665 MB/s
[   17.900190] raid6: avx2x2   xor() 10144 MB/s
[   17.964319] raid6: avx2x4   gen() 16503 MB/s
[   18.028384] raid6: avx2x4   xor() 11906 MB/s
[   18.046867] raid6: using algorithm avx2x4 gen() 16503 MB/s
[   18.071451] raid6: .... xor() 11906 MB/s, rmw enabled
[   18.094461] raid6: using avx2x2 recovery algorithm
[   18.120047] xor: automatically using best checksumming function   avx       
[   18.154841] async_tx: api initialized (async)
done.
Begin: Running /scripts/init-premount ... done.
Begin: Mounting root file system ... Begin: Running /scripts/local-top ... done.
Begin: Running /scripts/local-premount ... [   18.315027] Btrfs loaded, crc32c=crc32c-intel
Scanning for Btrfs filesystems
done.
Warning: fsck not present, so skipping root file system
[   18.463926] EXT4-fs (sda1): mounted filesystem with ordered data mode. Opts: (null)
done.
Begin: Running /scripts/local-bottom ... done.
Begin: Running /scripts/init-bottom ... done.
[   18.926022] ip_tables: (C) 2000-2006 Netfilter Core Team
[   18.982500] systemd[1]: systemd 237 running in system mode. (+PAM +AUDIT +SELINUX +IMA +APPARMOR +SMACK +SYSVINIT +UTMP +LIBCRYPTSETUP +GCRYPT +GNUTLS +ACL +XZ +LZ4 +SECCOMP +BLKID +ELFUTILS +KMOD -IDN2 +IDN -PCRE2 default-hierarchy=hybrid)
[   19.064021] systemd[1]: Detected virtualization oracle.
[   19.085522] systemd[1]: Detected architecture x86-64.

Welcome to [1mUbuntu 18.04.3 LTS[0m!

[   19.194306] systemd[1]: Set hostname to <ubuntu>.
[   19.263156] systemd[1]: Initializing machine ID from random generator.
[   19.291604] systemd[1]: Installed transient /etc/machine-id file.
[   19.981321] systemd[1]: Started Forward Password Requests to Wall Directory Watch.
[[0;32m  OK  [0m] Started Forward Password Requests to Wall Directory Watch.
[   20.037751] systemd[1]: Reached target User and Group Name Lookups.
[[0;32m  OK  [0m] Reached target User and Group Name Lookups.
[   20.108514] systemd[1]: Created slice System Slice.
[[0;32m  OK  [0m] Created slice System Slice.
[   20.141180] systemd[1]: Listening on LVM2 metadata daemon socket.
[[0;32m  OK  [0m] Listening on LVM2 metadata daemon socket.
[[0;32m  OK  [0m] Listening on /dev/initctl Compatibility Named Pipe.
[[0;32m  OK  [0m] Listening on Device-mapper event daemon FIFOs.
[[0;32m  OK  [0m] Listening on Journal Socket.
         Starting Set the console keyboard layout...
         Mounting POSIX Message Queue File System...
[[0;32m  OK  [0m] Listening on udev Control Socket.
         Mounting Huge Pages File System...
[[0;32m  OK  [0m] Created slice system-serial\x2dgetty.slice.
         Starting Uncomplicated firewall...
         Starting Monitoring of LVM2 mirrors…ng dmeventd or progress polling...
[[0;32m  OK  [0m] Reached target Swap.
         Starting Remount Root and Kernel File Systems...
[[0;32m  OK  [0m] Listening on Journal Audit Socket.
[[0;32m  OK  [0m] Listening on Network Service Netlink Socket.
         Starting Create list of required st…ce nodes for the current kernel...
[[0;32m  OK  [0m] Created slice User and Session Slice.
[[0;32m  OK  [0m] Reached target Slices.
[[0;32m  OK  [0m] Listening on Journal Socket (/dev/log).
[[0;32m  OK  [0m] Reached target System Time Synchronized.
[[0;32m  OK  [0m] Listening on udev Kernel Socket.
[[0;32m  OK  [0m] Set up automount Arbitrary Executab…rmats File System Automount Point.
         Mounting Kernel Debug File System...
[[0;32m  OK  [0m] Listening on LVM2 poll daemon socket.
[[0;32m  OK  [0m] Listening on Syslog Socket.
[   20.597374] EXT4-fs (sda1): re-mounted. Opts: (null)
[   20.620893] random: crng init done
[   20.637045] random: 7 urandom warning(s) missed due to ratelimiting
         Starting Journal Service...
         Starting Load Kernel Modules...
         Starting udev Coldplug all Devices...
[[0;32m  OK  [0m] Mounted POSIX Message Queue File System.
[[0;32m  OK  [0m] Mounted Huge Pages File System.
[[0;32m  OK  [0m] Started Uncomplicated firewall.
[   20.804727] Loading iSCSI transport class v2.0-870.
[[0;32m  OK  [0m] Started Remount Root and Kernel File Systems.
[[0;32m  OK  [0m] Started Create list of required sta…vice nodes for the current kernel.
[[0;32m  OK  [0m] Mounted Kernel Debug File System.
[   20.923808] iscsi: registered transport (tcp)
[[0;32m  OK  [0m] Started Journal Service.
[[0;32m  OK  [0m] Started LVM2 metadata daemon.
         Starting Create Static Device Nodes in /dev...
         Starting Flush Journal to Persistent Storage...
         Starting Load/Save Random Seed...
[[0;32m  OK  [0m] Started Monitoring of LVM2 mirrors,…sing dmeventd or progress polling.
[   21.101519] systemd-journald[397]: Received request to flush runtime journal from PID 1
[[0;32m  OK  [0m] Started udev Coldplug all Devices.
[[0;32m  OK  [0m] Started Load/Save Random Seed.
[[0;32m  OK  [0m] Started Create Static Device Nodes in /dev.
         Starting udev Kernel Device Manager...
[[0;32m  OK  [0m] Started Flush Journal to Persistent Storage.
[[0;32m  OK  [0m] Started udev Kernel Device Manager.
[   21.506485] iscsi: registered transport (iser)
[[0;32m  OK  [0m] Started Load Kernel Modules.
         Mounting FUSE Control File System...
         Starting Apply Kernel Variables...
         Mounting Kernel Configuration File System...
[[0;32m  OK  [0m] Mounted FUSE Control File System.
[[0;32m  OK  [0m] Mounted Kernel Configuration File System.
[[0;32m  OK  [0m] Started Apply Kernel Variables.
[[0;32m  OK  [0m] Found device /dev/ttyS0.
[[0;32m  OK  [0m] Listening on Load/Save RF Kill Switch Status /dev/rfkill Watch.
[[0;32m  OK  [0m] Started Set the console keyboard layout.
[[0;32m  OK  [0m] Reached target Local File Systems (Pre).
[[0;32m  OK  [0m] Reached target Local File Systems.
         Starting Create Volatile Files and Directories...
         Starting Tell Plymouth To Write Out Runtime Data...
         Starting ebtables ruleset management...
         Starting Set console font and keymap...
         Starting Commit a transient machine-id on disk...
         Starting AppArmor initialization...
[[0;32m  OK  [0m] Started Dispatch Password Requests to Console Directory Watch.
[[0;32m  OK  [0m] Reached target Local Encrypted Volumes.
[[0;32m  OK  [0m] Started Create Volatile Files and Directories.
[[0;32m  OK  [0m] Started Tell Plymouth To Write Out Runtime Data.
         Starting Update UTMP about System Boot/Shutdown...
[[0;32m  OK  [0m] Started Commit a transient machine-id on disk.
[[0;32m  OK  [0m] Started Update UTMP about System Boot/Shutdown.
[[0;32m  OK  [0m] Started ebtables ruleset management.
[[0;32m  OK  [0m] Started AppArmor initialization.
         Starting Initial cloud-init job (pre-networking)...
[   32.371077] [[0;32m  OK  [0m] Started Initial cloud-init job (pre-networking).
[[0;32m  OK  [0m] Reached target Network (Pre).
         Starting Network Service...
cloud-init[781]: Cloud-init v. 19.1-1-gbaa47854-0ubuntu1~18.04.1 running 'init-local' at Thu, 29 Aug 2019 07:30:29 +0000. Up 31.18 seconds.
[[0;32m  OK  [0m] Started Network Service.
         Starting Network Name Resolution...
         Starting Wait for Network to be Configured...
[[0;32m  OK  [0m] Started Set console font and keymap.
[[0;32m  OK  [0m] Started Network Name Resolution.
[[0;32m  OK  [0m] Reached target Host and Network Name Lookups.
[[0;32m  OK  [0m] Reached target Network.
[[0;32m  OK  [0m] Started Wait for Network to be Configured.
         Starting Initial cloud-init job (metadata service crawler)...
[   36.549092] cloud-init[928]: Cloud-init v. 19.1-1-gbaa47854-0ubuntu1~18.04.1 running 'init' at Thu, 29 Aug 2019 07:30:34 +0000. Up 36.09 seconds.
[   36.592812] cloud-init[928]: ci-info: ++++++++++++++++++++++++++++++++++++++Net device info++++++++++++++++++++++++++++++++++++++
[   36.661435] cloud-init[928]: ci-info: +--------+------+----------------------------+---------------+--------+-------------------+
[   36.725355] cloud-init[928]: ci-info: | Device |  Up  |          Address           |      Mask     | Scope  |     Hw-Address    |
[   36.777717] cloud-init[928]: ci-info: +--------+------+----------------------------+---------------+--------+-------------------+
[   36.821470] cloud-init[928]: ci-info: | enp0s3 | True |         10.0.2.15          | 255.255.255.0 | global | 02:19:d6:3c:94:c8 |
[   36.860580] cloud-init[928]: ci-info: | enp0s3 | True | fe80::19:d6ff:fe3c:94c8/64 |       .       |  link  | 02:19:d6:3c:94:c8 |
[   36.902297] cloud-init[928]: ci-info: |   lo   | True |         127.0.0.1          |   255.0.0.0   |  host  |         .         |
[   36.947991] cloud-init[928]: ci-info: |   lo   | True |          ::1/128           |       .       |  host  |         .         |
[   36.995709] cloud-init[928]: ci-info: +--------+------+----------------------------+---------------+--------+-------------------+
[   37.046246] cloud-init[928]: ci-info: ++++++++++++++++++++++++++++Route IPv4 info+++++++++++++++++++++++++++++
[   37.088816] cloud-init[928]: ci-info: +-------+-------------+----------+-----------------+-----------+-------+
[   37.133568] cloud-init[928]: ci-info: | Route | Destination | Gateway  |     Genmask     | Interface | Flags |
[   37.179135] cloud-init[928]: ci-info: +-------+-------------+----------+-----------------+-----------+-------+
[   37.221700] cloud-init[928]: ci-info: |   0   |   0.0.0.0   | 10.0.2.2 |     0.0.0.0     |   enp0s3  |   UG  |
[   37.262794] cloud-init[928]: ci-info: |   1   |   10.0.2.0  | 0.0.0.0  |  255.255.255.0  |   enp0s3  |   U   |
[   37.326762] cloud-init[928]: ci-info: |   2   |   10.0.2.2  | 0.0.0.0  | 255.255.255.255 |   enp0s3  |   UH  |
[   37.372129] cloud-init[928]: ci-info: +-------+-------------+----------+-----------------+-----------+-------+
[   37.431984] cloud-init[928]: ci-info: +++++++++++++++++++Route IPv6 info+++++++++++++++++++
[   37.473100] cloud-init[928]: ci-info: +-------+-------------+---------+-----------+-------+
[   37.504594] cloud-init[928]: ci-info: | Route | Destination | Gateway | Interface | Flags |
[   37.538049] cloud-init[928]: ci-info: +-------+-------------+---------+-----------+-------+
[   37.565900] cloud-init[928]: ci-info: |   1   |  fe80::/64  |    ::   |   enp0s3  |   U   |
[   37.594564] cloud-init[928]: ci-info: |   3   |    local    |    ::   |   enp0s3  |   U   |
[   37.633153] cloud-init[928]: ci-info: |   4   |   ff00::/8  |    ::   |   enp0s3  |   U   |
[   37.668939] cloud-init[928]: ci-info: +-------+-------------+---------+-----------+-------+
[   39.228030] cloud-init[928]: Generating public/private rsa key pair.
[   39.249372] cloud-init[928]: Your identification has been saved in /etc/ssh/ssh_host_rsa_key.
[   39.277188] cloud-init[928]: Your public key has been saved in /etc/ssh/ssh_host_rsa_key.pub.
[   39.308082] cloud-init[928]: The key fingerprint is:
[   39.322444] cloud-init[928]: SHA256:BEytdSjMbdNyR25LZpxj6ekwPwLVAL9xhiIgWukZ0n8 root@ubuntu-bionic
[   39.353987] cloud-init[928]: The key's randomart image is:
[   39.373676] cloud-init[928]: +---[RSA 2048]----+
[   39.388846] cloud-init[928]: | .o..=oo.+...    |
[   39.404028] cloud-init[928]: |.o+. .=.O.+*.o   |
[   39.420624] cloud-init[928]: |.o +  .=o==./    |
[   39.435097] cloud-init[928]: |  o . Eo o % +   |
[   39.449389] cloud-init[928]: |     .  S + +    |
[   39.463431] cloud-init[928]: |         . =     |
[   39.478089] cloud-init[928]: |          . +    |
[   39.497536] cloud-init[928]: |           . .   |
[   39.517792] cloud-init[928]: |                 |
[   39.537571] cloud-init[928]: +----[SHA256]-----+
[   39.558918] cloud-init[928]: Generating public/private dsa key pair.
[[0;32m  OK  [0m] Started Initial cloud-init job (metadata service crawler).
[   39.607973] cloud-init[[0;32m  OK  [0m] Reached target Network is Online.
[928]:          Starting Availability of block devices...
[[0;32m  OK  [0m] Reached target Remote File Systems (Pre).
[[0;32m  OK  [0m] Reached target Remote File Systems.
[Your identification has been saved in /etc/ssh/ssh_host_dsa_key.
[0;32m  OK  [0m] Reached target Cloud-config availability.
[[0;32m  OK  [0m] Reached target System Initialization.
[[0;32m  OK  [0m] Listening on D-Bus System Message Bus Socket.
[[0;32m  OK  [0m] Started Daily Cleanup of Temporary Directories.
[   39.787487] cloud-init[928]: Your public key has been saved in /etc/ssh/ssh_host_dsa_key.pub.
[[0;32m  OK  [0m] Started ACPI Events Check.
[[0;32m  OK  [0m] Reached target Paths.
[   39.864413]          Starting LXD - unix socket.
cloud-init[928]:          Starting Socket activation for snappy daemon.
[[0;32m  OK  [0m] Started Discard unused blocks once a week.
[[0;32m  OK  [0m] Listening on Open-iSCSI iscsid Socket.
[[0;32m  OK  [0m] Started Daily apt download activities.
[[0;32m  OK  [0m] Started Daily apt upgrade and clean activities.
[[0;32m  OK  [0m] Listening on ACPID Listen Socket.
[[0;32m  OK  [0m] Listening on UUID daemon activation socket.
[[0;32m  OK  [0m] Started Message of the Day.
[[0;32m  OK  [0m] Reached target Timers.
[[0;32m  OK  [0m] Started Availability of block devices.
[[0;32m  OK  [0m] Listening on LXD - unix socket.
[[0;32m  OK  [0m] Listening on Socket activation for snappy daemon.
[[0;32m  OK  [0m] Reached target Sockets.
[[0;32m  OK  [0m] Reached target Basic System.
         Starting Accounts Service...
The key fingerprint is:
         Starting LSB: Record successful boot for GRUB...
[   40.150271] cloud-init[928]: [[0;32m  OK  [0m] Started D-Bus System Message Bus.
SHA256:DWYPlyLSQRwYQsYr1NEHFaxuyKN2esMi6/DBaG8ZkkU root@ubuntu-bionic
[   40.203196] cloud-init[928]: The key's randomart image is:
[   40.227402] cloud-init[928]:          Starting Permit User Sessions...
+---[DSA 1024]----+
         Starting Login Service...
         Starting LXD - container startup/shutdown...
[   40.296878]          Starting LSB: automatic crash report generation...
cloud-init[928]: | o=.+*B+.        |
[   40.338041] cloud-init[928]: | o.E.o.+   .     |
[   40.361156] cloud-init[928]: |. ... = * o      |
[   40.383404] cloud-init[928]: |. .. o + B       |
[   40.405789] cloud-init[[0;32m  OK  [0m] Started irqbalance daemon.
[928]:          Starting Virtualbox guest utils...
| .+ o   S o      |
[   40.454671] cloud-init[928]: | = = o           |
[   40.476145] cloud-init[928]: [[0;32m  OK  [0m] Started Regular background program processing daemon.
|o.* =            |
[   40.520583] cloud-init[928]: |+=.O             |
[   40.535391] cloud-init[928]: |=+B..            |
[   40.558268] cloud-init[928]: +----[SHA256]-----+
         Starting Pollinate to seed the pseudo random number generator...
         Starting System Logging Service...
[   40.593735] cloud-init[928]: Generating public/private ecdsa key pair.
[   40.659760] cloud-init[928]: Your identification has been saved in /etc/ssh/ssh_host_ecdsa_key.
[   40.719174] cloud-init[928]: Your public key has been saved in /etc/ssh/ssh_host_ecdsa_key.pub.
         Starting Dispatcher daemon for systemd-networkd...
[   40.758886] cloud-init[928]: The key fingerprint is:
[   40.804594] cloud-init[928]: SHA256:n4tYfhQrnkt8wEgkmnAvTY8jG+8aobrfW2uQhvAcN6k root@ubuntu-bionic
[   40.841161] cloud-init[928]: The key's randomart image is:
[   40.865049] cloud-init[928]: +---[ECDSA 256]---+
[   40.882117] cloud-init[928]: |. . o .          |
[   40.913983] cloud-init[928]: | o * =           |
[   40.938822] cloud-init[928]: |  * =.o          |
[   40.957623] cloud-init         Starting Snappy daemon...
[928]: |. .*+o o  .      |
[[0;32m  OK  [0m] Started Deferred execution scheduler.
[[0;32m  OK  [0m] Started FUSE filesystem for LXC.
[[0;32m  OK  [0m] Started System Logging Service.
[[   41.027749] cloud-init[928]: | +o=.o. S  o     |
[   41.053525] cloud-init[928]: | .Eo+  ..oo.     |
[   41.053595] cloud-init[928]: |. ......+++      |
[   41.053655] [0;32m  OK  [0m] Started Permit User Sessions.
cloud-init[928]: |.  + ..*oo..     |
[   41.128469] cloud-init[928]: |ooo ooo +o.      |
[   41.155358] cloud-init[928]: +----[SHA256]-----+
[   41.174226] cloud-init[928]: Generating public/private ed25519 key pair.
[   41.224746] cloud-init[928]: Your identification has been saved in /etc/ssh/ssh_host_ed25519_key.
[   41.249720] cloud-init[928]: Your public key has been saved in /etc/ssh/ssh_host_ed25519_key.pub.
[   41.276863] cloud-init[928]: The key fingerprint is:
[   41.291376] cloud-init[928]: SHA256:9bqA2U2eZX9sa6296jQbBj07fo4wfRxyqhY1nPXLkPQ root@ubuntu-bionic
[   41.316876] cloud-init[928]: The key's randomart image is:
[   41.337229] cloud-init[928]: +--[ED25519 256]--+
[   41.357704] cloud-init[928]: |                 |
[   41.379181] cloud-init[928]: |             . . |
[   41.401472] cloud-init[[0;32m  OK  [0m[928]: ] Started Login Service.|          . o = .|
[[0;32m  OK  [0m] 
[   41.460262] cloud-init[928]: |         . ..B E.|
[   41.460715] cloud-init[928]: |        S ..=++o.|
[   41.489251] cloud-init[928]: |       + + *o.B+.|
[   41.489687] cloud-initStarted LSB: automatic crash report generation.
[928]: [[0;32m  OK  [0m|      o o =o.X.o=|
] Started Unattended Upgrades Shutdown.
         Starting Authorization Manager...
         Starting Hold until boot process finishes up...
         Starting Terminate Plymouth Boot Screen...
[   41.623009] cloud-init[928]: |         . oB B*o|
[[0;32m  OK  [0m] Started Hold until boot process finishes up.
[[0;32m  OK  [0m] Started Serial Getty on ttyS0.
[   41.676154] cloud-init[928]: |          o..**=o|
         Starting Set console scheme...
[   41.728831] cloud-init[928]: +----[SHA256]-----+
[[0;32m  OK  [0m] Started Terminate Plymouth Boot Screen.
[[0;32m  OK  [0m] Started LSB: Record successful boot for GRUB.
[[0;32m  OK  [0m] Started Set console scheme.
[[0;32m  OK  [0m] Created slice system-getty.slice.
[[0;32m  OK  [0m] Started Getty on tty1.
[[0;32m  OK  [0m] Reached target Login Prompts.
[[0;32m  OK  [0m] Started LXD - container startup/shutdown.
[[0;32m  OK  [0m] Started Authorization Manager.
[[0;32m  OK  [0m] Started Accounts Service.
[[0;32m  OK  [0m] Started Virtualbox guest utils.
[[0;32m  OK  [0m] Started Dispatcher daemon for systemd-networkd.
[[0;32m  OK  [0m] Started Snappy daemon.
         Starting Wait until snapd is fully seeded...
[[0;32m  OK  [0m] Started Pollinate to seed the pseudo random number generator.
         Starting OpenBSD Secure Shell server...
[[0;32m  OK  [0m] Started OpenBSD Secure Shell server.
[[0;32m  OK  [0m] Created slice User Slice of vagrant.
         Starting User Manager for UID 1000...
[[0;32m  OK  [0m] Started Session 1 of user vagrant.
[[0;32m  OK  [0m] Started User Manager for UID 1000.
[[0;32m  OK  [0m] Started Wait until snapd is fully seeded.
         Starting Apply the settings specified in cloud-config...
[[0;32m  OK  [0m] Reached target Multi-User System.
[[0;32m  OK  [0m] Reached target Graphical Interface.
         Starting Update UTMP about System Runlevel Changes...
[[0;32m  OK  [0m] Started Update UTMP about System Runlevel Changes.

Ubuntu 18.04.3 LTS ubuntu-bionic ttyS0

ubuntu-bionic login: [   48.236805] cloud-init[1384]: Cloud-init v. 19.1-1-gbaa47854-0ubuntu1~18.04.1 running 'modules:config' at Thu, 29 Aug 2019 07:30:44 +0000. Up 46.45 seconds.
ci-info: no authorized ssh keys fingerprints found for user ubuntu.
<14>Aug 29 07:30:48 ec2: 
<14>Aug 29 07:30:48 ec2: #############################################################
<14>Aug 29 07:30:48 ec2: -----BEGIN SSH HOST KEY FINGERPRINTS-----
<14>Aug 29 07:30:48 ec2: 1024 SHA256:DWYPlyLSQRwYQsYr1NEHFaxuyKN2esMi6/DBaG8ZkkU root@ubuntu-bionic (DSA)
<14>Aug 29 07:30:48 ec2: 256 SHA256:n4tYfhQrnkt8wEgkmnAvTY8jG+8aobrfW2uQhvAcN6k root@ubuntu-bionic (ECDSA)
<14>Aug 29 07:30:48 ec2: 256 SHA256:9bqA2U2eZX9sa6296jQbBj07fo4wfRxyqhY1nPXLkPQ root@ubuntu-bionic (ED25519)
<14>Aug 29 07:30:48 ec2: 2048 SHA256:BEytdSjMbdNyR25LZpxj6ekwPwLVAL9xhiIgWukZ0n8 root@ubuntu-bionic (RSA)
<14>Aug 29 07:30:48 ec2: -----END SSH HOST KEY FINGERPRINTS-----
<14>Aug 29 07:30:48 ec2: #############################################################
-----BEGIN SSH HOST KEY KEYS-----
ecdsa-sha2-nistp256 AAAAE2VjZHNhLXNoYTItbmlzdHAyNTYAAAAIbmlzdHAyNTYAAABBBNJJdoobSxqadnJd8iUPmp5pddOcYIKCcpXzdjWXM4a3Aoh6n9qG2SBLuuW+h3D8eoZZQKnNZdz/aNnlBkdvGqg= root@ubuntu-bionic
ssh-ed25519 AAAAC3NzaC1lZDI1NTE5AAAAIOozDqxosCIWEP+/Cc1xzTeOFndPY4DJg0c6Rnv4j50R root@ubuntu-bionic
ssh-rsa AAAAB3NzaC1yc2EAAAADAQABAAABAQC8NWPDIlGJkhEPWHUypWCrpJ/iAOX1v8Qzh9bhEEeHcVkww9Qlqf+Mvqc63rYRUprl3tNubfjtOqRbcqHOaioD2KP5GUXqBzMmXQaFZ5a4sVNtpP0lmsxgTsvyjFeZSOeuJ8RLgzOBHwTqOjT0+JBYFi/1rD0XH80BeZuf9tlKOfHqXDyS0xsmJ7z1lUn4ZHyUSOnjYHGIoh449BC/WUiLwRG7Vmzpr53I0C/y4PAJxCnswAkcML4b1g9KF+FW6r6micIayeWJyk/8EeqOONfeKjQS7z9ueKyMq0ZDSweK6bg0sFbNdIiIjuqEITeqGTP7TRTVk36WMmfb8Tdks0jx root@ubuntu-bionic
-----END SSH HOST KEY KEYS-----
[   50.662283] cloud-init[1526]: Cloud-init v. 19.1-1-gbaa47854-0ubuntu1~18.04.1 running 'modules:final' at Thu, 29 Aug 2019 07:30:47 +0000. Up 49.78 seconds.
[   50.724565] cloud-init[1526]: ci-info: no authorized ssh keys fingerprints found for user ubuntu.
[   50.765305] cloud-init[1526]: Cloud-init v. 19.1-1-gbaa47854-0ubuntu1~18.04.1 finished at Thu, 29 Aug 2019 07:30:48 +0000. Datasource DataSourceNoCloud [seed=/dev/sdb][dsmode=net].  Up 50.22 seconds
